{"uuid":"1cae6111-8ed7-45bc-b016-983ca49ce0bc","historyId":"3cd304b13e91a5e0e0638742af74e169","fullName":"test.TestCase.EditUser","labels":[{"name":"package","value":"test.TestCase"},{"name":"testClass","value":"test.TestCase"},{"name":"testMethod","value":"EditUser"},{"name":"parentSuite","value":"Default suite"},{"name":"suite","value":"Default test"},{"name":"subSuite","value":"test.TestCase"},{"name":"host","value":"DESKTOP-Q5T2OH9"},{"name":"thread","value":"30804@DESKTOP-Q5T2OH9.main(1)"},{"name":"framework","value":"testng"},{"name":"language","value":"java"}],"links":[],"name":"EditUser","status":"broken","statusDetails":{"known":false,"muted":false,"flaky":false,"message":"Root cause: \"org.openqa.selenium.NoSuchElementException: Cannot locate an element using By.xpath: //tr[td[@class='sorting_1' ]/label[contains(text(),'Mohamed Sallam Nagy') ]]/td/button[@id='edit']\"","trace":"java.lang.RuntimeException: Root cause: \"org.openqa.selenium.NoSuchElementException: Cannot locate an element using By.xpath: //tr[td[@class='sorting_1' ]/label[contains(text(),'Mohamed Sallam Nagy') ]]/td/button[@id='edit']\"\r\n\tat com.shaft.gui.element.internal.Actions.report(Actions.java:459)\r\n\tat com.shaft.gui.element.internal.Actions.reportBroken(Actions.java:420)\r\n\tat com.shaft.gui.element.internal.Actions.performAction(Actions.java:204)\r\n\tat com.shaft.gui.element.internal.Actions.click(Actions.java:68)\r\n\tat siteResources.UserScreen.EditUser(UserScreen.java:67)\r\n\tat test.TestCase.EditUser(TestCase.java:119)\r\n\tat java.base/jdk.internal.reflect.DirectMethodHandleAccessor.invoke(DirectMethodHandleAccessor.java:103)\r\n\tat java.base/java.lang.reflect.Method.invoke(Method.java:580)\r\n\tat org.testng.internal.invokers.MethodInvocationHelper.invokeMethod(MethodInvocationHelper.java:141)\r\n\tat org.testng.internal.invokers.TestInvoker.invokeMethod(TestInvoker.java:686)\r\n\tat org.testng.internal.invokers.TestInvoker.invokeTestMethod(TestInvoker.java:230)\r\n\tat org.testng.internal.invokers.MethodRunner.runInSequence(MethodRunner.java:63)\r\n\tat org.testng.internal.invokers.TestInvoker$MethodInvocationAgent.invoke(TestInvoker.java:992)\r\n\tat org.testng.internal.invokers.TestInvoker.invokeTestMethods(TestInvoker.java:203)\r\n\tat org.testng.internal.invokers.TestMethodWorker.invokeTestMethods(TestMethodWorker.java:154)\r\n\tat org.testng.internal.invokers.TestMethodWorker.run(TestMethodWorker.java:134)\r\n\tat java.base/java.util.ArrayList.forEach(ArrayList.java:1597)\r\n\tat org.testng.TestRunner.privateRun(TestRunner.java:739)\r\n\tat org.testng.TestRunner.run(TestRunner.java:614)\r\n\tat org.testng.SuiteRunner.runTest(SuiteRunner.java:421)\r\n\tat org.testng.SuiteRunner.runSequentially(SuiteRunner.java:413)\r\n\tat org.testng.SuiteRunner.privateRun(SuiteRunner.java:373)\r\n\tat org.testng.SuiteRunner.run(SuiteRunner.java:312)\r\n\tat org.testng.SuiteRunnerWorker.runSuite(SuiteRunnerWorker.java:52)\r\n\tat org.testng.SuiteRunnerWorker.run(SuiteRunnerWorker.java:95)\r\n\tat org.testng.TestNG.runSuitesSequentially(TestNG.java:1274)\r\n\tat org.testng.TestNG.runSuitesLocally(TestNG.java:1208)\r\n\tat org.testng.TestNG.runSuites(TestNG.java:1112)\r\n\tat org.testng.TestNG.run(TestNG.java:1079)\r\n\tat org.testng.remote.AbstractRemoteTestNG.run(AbstractRemoteTestNG.java:115)\r\n\tat org.testng.remote.RemoteTestNG.initAndRun(RemoteTestNG.java:293)\r\n\tat org.testng.remote.RemoteTestNG.main(RemoteTestNG.java:91)\r\nCaused by: org.openqa.selenium.TimeoutException: Expected condition failed: waiting for com.shaft.gui.element.internal.Actions$$Lambda/0x000001e74e81a910@6aef33f6 (tried for 60 second(s) with 100 milliseconds interval)\r\n\tat org.openqa.selenium.support.ui.FluentWait.timeoutException(FluentWait.java:265)\r\n\tat org.openqa.selenium.support.ui.FluentWait.until(FluentWait.java:228)\r\n\tat com.shaft.gui.element.internal.Actions.performAction(Actions.java:95)\r\n\t... 29 more\r\nCaused by: org.openqa.selenium.NoSuchElementException: Cannot locate an element using By.xpath: //tr[td[@class='sorting_1' ]/label[contains(text(),'Mohamed Sallam Nagy') ]]/td/button[@id='edit']\nFor documentation on this error, please visit: https://www.selenium.dev/documentation/webdriver/troubleshooting/errors#no-such-element-exception\nBuild info: version: '4.25.0', revision: '8a8aea2337'\nSystem info: os.name: 'Windows 11', os.arch: 'amd64', os.version: '10.0', java.version: '23'\nDriver info: driver.version: unknown\r\n\tat com.shaft.gui.element.internal.Actions.lambda$performAction$0(Actions.java:101)\r\n\tat org.openqa.selenium.support.ui.FluentWait.until(FluentWait.java:203)\r\n\t... 30 more\r\n"},"stage":"finished","steps":[{"name":"Type \"Organization name\"","status":"passed","stage":"finished","steps":[],"attachments":[],"parameters":[{"name":"locator","value":"By.id: OrgNameInput"},{"name":"text","value":"admin"}],"start":1734337735246,"stop":1734337735474},{"name":"Type \"Email\"","status":"passed","stage":"finished","steps":[],"attachments":[],"parameters":[{"name":"locator","value":"By.id: EmailInput"},{"name":"text","value":"imns@atisystem.com"}],"start":1734337735475,"stop":1734337735610},{"name":"Type \"Password\"","status":"passed","stage":"finished","steps":[],"attachments":[],"parameters":[{"name":"locator","value":"By.id: passwordInput"},{"name":"text","value":"ati_258"}],"start":1734337735610,"stop":1734337735725},{"name":"Click \"SIGN IN\" Broken","status":"broken","statusDetails":{"known":false,"muted":false,"flaky":false,"message":"Root cause: \"org.openqa.selenium.NoSuchElementException: Cannot locate an element using By.xpath: //button[@class='btn btn-primary btn-block']\"","trace":"java.lang.RuntimeException: Root cause: \"org.openqa.selenium.NoSuchElementException: Cannot locate an element using By.xpath: //button[@class='btn btn-primary btn-block']\"\r\n\tat com.shaft.gui.element.internal.Actions.report(Actions.java:459)\r\n\tat com.shaft.gui.element.internal.Actions.reportBroken(Actions.java:420)\r\n\tat com.shaft.gui.element.internal.Actions.performAction(Actions.java:204)\r\n\tat com.shaft.gui.element.internal.Actions.click(Actions.java:68)\r\n\tat siteResources.IdentityPage.UserSignIn(IdentityPage.java:45)\r\n\tat test.TestCase.EditUser(TestCase.java:117)\r\n\tat java.base/jdk.internal.reflect.DirectMethodHandleAccessor.invoke(DirectMethodHandleAccessor.java:103)\r\n\tat java.base/java.lang.reflect.Method.invoke(Method.java:580)\r\n\tat org.testng.internal.invokers.MethodInvocationHelper.invokeMethod(MethodInvocationHelper.java:141)\r\n\tat org.testng.internal.invokers.TestInvoker.invokeMethod(TestInvoker.java:686)\r\n\tat org.testng.internal.invokers.TestInvoker.invokeTestMethod(TestInvoker.java:230)\r\n\tat org.testng.internal.invokers.MethodRunner.runInSequence(MethodRunner.java:63)\r\n\tat org.testng.internal.invokers.TestInvoker$MethodInvocationAgent.invoke(TestInvoker.java:992)\r\n\tat org.testng.internal.invokers.TestInvoker.invokeTestMethods(TestInvoker.java:203)\r\n\tat org.testng.internal.invokers.TestMethodWorker.invokeTestMethods(TestMethodWorker.java:154)\r\n\tat org.testng.internal.invokers.TestMethodWorker.run(TestMethodWorker.java:134)\r\n\tat java.base/java.util.ArrayList.forEach(ArrayList.java:1597)\r\n\tat org.testng.TestRunner.privateRun(TestRunner.java:739)\r\n\tat org.testng.TestRunner.run(TestRunner.java:614)\r\n\tat org.testng.SuiteRunner.runTest(SuiteRunner.java:421)\r\n\tat org.testng.SuiteRunner.runSequentially(SuiteRunner.java:413)\r\n\tat org.testng.SuiteRunner.privateRun(SuiteRunner.java:373)\r\n\tat org.testng.SuiteRunner.run(SuiteRunner.java:312)\r\n\tat org.testng.SuiteRunnerWorker.runSuite(SuiteRunnerWorker.java:52)\r\n\tat org.testng.SuiteRunnerWorker.run(SuiteRunnerWorker.java:95)\r\n\tat org.testng.TestNG.runSuitesSequentially(TestNG.java:1274)\r\n\tat org.testng.TestNG.runSuitesLocally(TestNG.java:1208)\r\n\tat org.testng.TestNG.runSuites(TestNG.java:1112)\r\n\tat org.testng.TestNG.run(TestNG.java:1079)\r\n\tat org.testng.remote.AbstractRemoteTestNG.run(AbstractRemoteTestNG.java:115)\r\n\tat org.testng.remote.RemoteTestNG.initAndRun(RemoteTestNG.java:293)\r\n\tat org.testng.remote.RemoteTestNG.main(RemoteTestNG.java:91)\r\nCaused by: org.openqa.selenium.TimeoutException: Expected condition failed: waiting for com.shaft.gui.element.internal.Actions$$Lambda/0x000001e74e81a910@4c02f50 (tried for 60 second(s) with 100 milliseconds interval)\r\n\tat org.openqa.selenium.support.ui.FluentWait.timeoutException(FluentWait.java:265)\r\n\tat org.openqa.selenium.support.ui.FluentWait.until(FluentWait.java:228)\r\n\tat com.shaft.gui.element.internal.Actions.performAction(Actions.java:95)\r\n\t... 29 more\r\nCaused by: org.openqa.selenium.NoSuchElementException: Cannot locate an element using By.xpath: //button[@class='btn btn-primary btn-block']\nFor documentation on this error, please visit: https://www.selenium.dev/documentation/webdriver/troubleshooting/errors#no-such-element-exception\nBuild info: version: '4.25.0', revision: '8a8aea2337'\nSystem info: os.name: 'Windows 11', os.arch: 'amd64', os.version: '10.0', java.version: '23'\nDriver info: driver.version: unknown\r\n\tat com.shaft.gui.element.internal.Actions.lambda$performAction$0(Actions.java:101)\r\n\tat org.openqa.selenium.support.ui.FluentWait.until(FluentWait.java:203)\r\n\t... 30 more\r\n"},"stage":"finished","steps":[],"attachments":[{"name":"20241216_102955_Click_SIGN_IN","source":"67e424cd-d557-487c-93c0-928c92b8d850-attachment.png","type":"image/png"}],"parameters":[{"name":"locator","value":"By.xpath: //button[@class='btn btn-primary btn-block']"}],"start":1734337735727,"stop":1734337795781},{"name":"Click \"By.xpath: //div[@class='mat-tree-node']//i[@class='fa fa-cog fa-fw fa-lg']\"","status":"passed","stage":"finished","steps":[],"attachments":[{"name":"20241216_102956_Click_By_xpath____div__class__mat_tree_node____i__class__fa_fa_cog_fa_fw_fa_lg__","source":"fb36c852-538c-46e1-a6a9-5abcef233b4b-attachment.png","type":"image/png"}],"parameters":[{"name":"locator","value":"By.xpath: //div[@class='mat-tree-node']//i[@class='fa fa-cog fa-fw fa-lg']"}],"start":1734337795783,"stop":1734337796646},{"name":"Click \"Users\"","status":"passed","stage":"finished","steps":[],"attachments":[{"name":"20241216_102957_Click_Users","source":"53195339-75f0-4190-88ce-c02b50eadd6c-attachment.png","type":"image/png"}],"parameters":[{"name":"locator","value":"By.xpath: //li//a[@href='/SiteManagement/users']"}],"start":1734337796647,"stop":1734337797648},{"name":"Click \"By.xpath: //tr[td[@class='sorting_1' ]/label[contains(text(),'Mohamed Sallam Nagy') ]]/td/button[@id='edit']\" Broken","status":"broken","statusDetails":{"known":false,"muted":false,"flaky":false,"message":"Root cause: \"org.openqa.selenium.NoSuchElementException: Cannot locate an element using By.xpath: //tr[td[@class='sorting_1' ]/label[contains(text(),'Mohamed Sallam Nagy') ]]/td/button[@id='edit']\"","trace":"java.lang.RuntimeException: Root cause: \"org.openqa.selenium.NoSuchElementException: Cannot locate an element using By.xpath: //tr[td[@class='sorting_1' ]/label[contains(text(),'Mohamed Sallam Nagy') ]]/td/button[@id='edit']\"\r\n\tat com.shaft.gui.element.internal.Actions.report(Actions.java:459)\r\n\tat com.shaft.gui.element.internal.Actions.reportBroken(Actions.java:420)\r\n\tat com.shaft.gui.element.internal.Actions.performAction(Actions.java:204)\r\n\tat com.shaft.gui.element.internal.Actions.click(Actions.java:68)\r\n\tat siteResources.UserScreen.EditUser(UserScreen.java:67)\r\n\tat test.TestCase.EditUser(TestCase.java:119)\r\n\tat java.base/jdk.internal.reflect.DirectMethodHandleAccessor.invoke(DirectMethodHandleAccessor.java:103)\r\n\tat java.base/java.lang.reflect.Method.invoke(Method.java:580)\r\n\tat org.testng.internal.invokers.MethodInvocationHelper.invokeMethod(MethodInvocationHelper.java:141)\r\n\tat org.testng.internal.invokers.TestInvoker.invokeMethod(TestInvoker.java:686)\r\n\tat org.testng.internal.invokers.TestInvoker.invokeTestMethod(TestInvoker.java:230)\r\n\tat org.testng.internal.invokers.MethodRunner.runInSequence(MethodRunner.java:63)\r\n\tat org.testng.internal.invokers.TestInvoker$MethodInvocationAgent.invoke(TestInvoker.java:992)\r\n\tat org.testng.internal.invokers.TestInvoker.invokeTestMethods(TestInvoker.java:203)\r\n\tat org.testng.internal.invokers.TestMethodWorker.invokeTestMethods(TestMethodWorker.java:154)\r\n\tat org.testng.internal.invokers.TestMethodWorker.run(TestMethodWorker.java:134)\r\n\tat java.base/java.util.ArrayList.forEach(ArrayList.java:1597)\r\n\tat org.testng.TestRunner.privateRun(TestRunner.java:739)\r\n\tat org.testng.TestRunner.run(TestRunner.java:614)\r\n\tat org.testng.SuiteRunner.runTest(SuiteRunner.java:421)\r\n\tat org.testng.SuiteRunner.runSequentially(SuiteRunner.java:413)\r\n\tat org.testng.SuiteRunner.privateRun(SuiteRunner.java:373)\r\n\tat org.testng.SuiteRunner.run(SuiteRunner.java:312)\r\n\tat org.testng.SuiteRunnerWorker.runSuite(SuiteRunnerWorker.java:52)\r\n\tat org.testng.SuiteRunnerWorker.run(SuiteRunnerWorker.java:95)\r\n\tat org.testng.TestNG.runSuitesSequentially(TestNG.java:1274)\r\n\tat org.testng.TestNG.runSuitesLocally(TestNG.java:1208)\r\n\tat org.testng.TestNG.runSuites(TestNG.java:1112)\r\n\tat org.testng.TestNG.run(TestNG.java:1079)\r\n\tat org.testng.remote.AbstractRemoteTestNG.run(AbstractRemoteTestNG.java:115)\r\n\tat org.testng.remote.RemoteTestNG.initAndRun(RemoteTestNG.java:293)\r\n\tat org.testng.remote.RemoteTestNG.main(RemoteTestNG.java:91)\r\nCaused by: org.openqa.selenium.TimeoutException: Expected condition failed: waiting for com.shaft.gui.element.internal.Actions$$Lambda/0x000001e74e81a910@6aef33f6 (tried for 60 second(s) with 100 milliseconds interval)\r\n\tat org.openqa.selenium.support.ui.FluentWait.timeoutException(FluentWait.java:265)\r\n\tat org.openqa.selenium.support.ui.FluentWait.until(FluentWait.java:228)\r\n\tat com.shaft.gui.element.internal.Actions.performAction(Actions.java:95)\r\n\t... 29 more\r\nCaused by: org.openqa.selenium.NoSuchElementException: Cannot locate an element using By.xpath: //tr[td[@class='sorting_1' ]/label[contains(text(),'Mohamed Sallam Nagy') ]]/td/button[@id='edit']\nFor documentation on this error, please visit: https://www.selenium.dev/documentation/webdriver/troubleshooting/errors#no-such-element-exception\nBuild info: version: '4.25.0', revision: '8a8aea2337'\nSystem info: os.name: 'Windows 11', os.arch: 'amd64', os.version: '10.0', java.version: '23'\nDriver info: driver.version: unknown\r\n\tat com.shaft.gui.element.internal.Actions.lambda$performAction$0(Actions.java:101)\r\n\tat org.openqa.selenium.support.ui.FluentWait.until(FluentWait.java:203)\r\n\t... 30 more\r\n"},"stage":"finished","steps":[],"attachments":[{"name":"20241216_103058_Click_By_xpath____tr_td__class__sorting_1____label_contains_text____Mohamed_Sallam_Nagy______td_button__id__edit__","source":"9ace4971-af95-4c01-ac94-afb0cc072489-attachment.png","type":"image/png"}],"parameters":[{"name":"locator","value":"By.xpath: //tr[td[@class='sorting_1' ]/label[contains(text(),'Mohamed Sallam Nagy') ]]/td/button[@id='edit']"}],"start":1734337797650,"stop":1734337858294}],"attachments":[{"name":"Animated Gif - 1734337858630","source":"b0194646-7f74-41c8-add1-3bea04b93af2-attachment.gif","type":"image/gif"},{"name":"SHAFT Engine Logs - Current Method log: EditUser","source":"58e2192a-a58f-4d03-8a6d-85ee933bea8a-attachment.txt","type":"text/plain"}],"parameters":[{"name":"arg0","value":"{FullNameUpdated=MSNSSD, Email=sallam@yahoo.com, Description=Automated tsting, Phone=0114331315, FullName=Mohamed Sallam Nagy}"}],"start":1734337735215,"stop":1734337858640}