{"uuid":"601c91e0-1550-4604-bbec-b53495a27604","historyId":"cb87be2e760412f059a622a9c1883d83","fullName":"test.TestCase.EditUser","labels":[{"name":"package","value":"test.TestCase"},{"name":"testClass","value":"test.TestCase"},{"name":"testMethod","value":"EditUser"},{"name":"parentSuite","value":"Default suite"},{"name":"suite","value":"Default test"},{"name":"subSuite","value":"test.TestCase"},{"name":"host","value":"DESKTOP-Q5T2OH9"},{"name":"thread","value":"30804@DESKTOP-Q5T2OH9.main(1)"},{"name":"framework","value":"testng"},{"name":"language","value":"java"}],"links":[],"name":"EditUser","status":"broken","statusDetails":{"known":false,"muted":false,"flaky":false,"message":"Root cause: \"org.openqa.selenium.NoSuchElementException: Cannot locate an element using By.id: OrgNameInput\"","trace":"java.lang.RuntimeException: Root cause: \"org.openqa.selenium.NoSuchElementException: Cannot locate an element using By.id: OrgNameInput\"\r\n\tat com.shaft.gui.element.internal.Actions.report(Actions.java:459)\r\n\tat com.shaft.gui.element.internal.Actions.reportBroken(Actions.java:420)\r\n\tat com.shaft.gui.element.internal.Actions.performAction(Actions.java:204)\r\n\tat com.shaft.gui.element.internal.Actions.type(Actions.java:75)\r\n\tat siteResources.IdentityPage.UserSignIn(IdentityPage.java:39)\r\n\tat test.TestCase.EditUser(TestCase.java:117)\r\n\tat java.base/jdk.internal.reflect.DirectMethodHandleAccessor.invoke(DirectMethodHandleAccessor.java:103)\r\n\tat java.base/java.lang.reflect.Method.invoke(Method.java:580)\r\n\tat org.testng.internal.invokers.MethodInvocationHelper.invokeMethod(MethodInvocationHelper.java:141)\r\n\tat org.testng.internal.invokers.TestInvoker.invokeMethod(TestInvoker.java:686)\r\n\tat org.testng.internal.invokers.TestInvoker.invokeTestMethod(TestInvoker.java:230)\r\n\tat org.testng.internal.invokers.MethodRunner.runInSequence(MethodRunner.java:63)\r\n\tat org.testng.internal.invokers.TestInvoker$MethodInvocationAgent.invoke(TestInvoker.java:992)\r\n\tat org.testng.internal.invokers.TestInvoker.invokeTestMethods(TestInvoker.java:203)\r\n\tat org.testng.internal.invokers.TestMethodWorker.invokeTestMethods(TestMethodWorker.java:154)\r\n\tat org.testng.internal.invokers.TestMethodWorker.run(TestMethodWorker.java:134)\r\n\tat java.base/java.util.ArrayList.forEach(ArrayList.java:1597)\r\n\tat org.testng.TestRunner.privateRun(TestRunner.java:739)\r\n\tat org.testng.TestRunner.run(TestRunner.java:614)\r\n\tat org.testng.SuiteRunner.runTest(SuiteRunner.java:421)\r\n\tat org.testng.SuiteRunner.runSequentially(SuiteRunner.java:413)\r\n\tat org.testng.SuiteRunner.privateRun(SuiteRunner.java:373)\r\n\tat org.testng.SuiteRunner.run(SuiteRunner.java:312)\r\n\tat org.testng.SuiteRunnerWorker.runSuite(SuiteRunnerWorker.java:52)\r\n\tat org.testng.SuiteRunnerWorker.run(SuiteRunnerWorker.java:95)\r\n\tat org.testng.TestNG.runSuitesSequentially(TestNG.java:1274)\r\n\tat org.testng.TestNG.runSuitesLocally(TestNG.java:1208)\r\n\tat org.testng.TestNG.runSuites(TestNG.java:1112)\r\n\tat org.testng.TestNG.run(TestNG.java:1079)\r\n\tat org.testng.remote.AbstractRemoteTestNG.run(AbstractRemoteTestNG.java:115)\r\n\tat org.testng.remote.RemoteTestNG.initAndRun(RemoteTestNG.java:293)\r\n\tat org.testng.remote.RemoteTestNG.main(RemoteTestNG.java:91)\r\nCaused by: org.openqa.selenium.TimeoutException: Expected condition failed: waiting for com.shaft.gui.element.internal.Actions$$Lambda/0x000001e74e81a910@50389782 (tried for 60 second(s) with 100 milliseconds interval)\r\n\tat org.openqa.selenium.support.ui.FluentWait.timeoutException(FluentWait.java:265)\r\n\tat org.openqa.selenium.support.ui.FluentWait.until(FluentWait.java:228)\r\n\tat com.shaft.gui.element.internal.Actions.performAction(Actions.java:95)\r\n\t... 29 more\r\nCaused by: org.openqa.selenium.NoSuchElementException: Cannot locate an element using By.id: OrgNameInput\nFor documentation on this error, please visit: https://www.selenium.dev/documentation/webdriver/troubleshooting/errors#no-such-element-exception\nBuild info: version: '4.25.0', revision: '8a8aea2337'\nSystem info: os.name: 'Windows 11', os.arch: 'amd64', os.version: '10.0', java.version: '23'\nDriver info: driver.version: unknown\r\n\tat com.shaft.gui.element.internal.Actions.lambda$performAction$0(Actions.java:101)\r\n\tat org.openqa.selenium.support.ui.FluentWait.until(FluentWait.java:203)\r\n\t... 30 more\r\n"},"stage":"finished","steps":[{"name":"Type \"By.id: OrgNameInput\" Broken","status":"broken","statusDetails":{"known":false,"muted":false,"flaky":false,"message":"Root cause: \"org.openqa.selenium.NoSuchElementException: Cannot locate an element using By.id: OrgNameInput\"","trace":"java.lang.RuntimeException: Root cause: \"org.openqa.selenium.NoSuchElementException: Cannot locate an element using By.id: OrgNameInput\"\r\n\tat com.shaft.gui.element.internal.Actions.report(Actions.java:459)\r\n\tat com.shaft.gui.element.internal.Actions.reportBroken(Actions.java:420)\r\n\tat com.shaft.gui.element.internal.Actions.performAction(Actions.java:204)\r\n\tat com.shaft.gui.element.internal.Actions.type(Actions.java:75)\r\n\tat siteResources.IdentityPage.UserSignIn(IdentityPage.java:39)\r\n\tat test.TestCase.EditUser(TestCase.java:117)\r\n\tat java.base/jdk.internal.reflect.DirectMethodHandleAccessor.invoke(DirectMethodHandleAccessor.java:103)\r\n\tat java.base/java.lang.reflect.Method.invoke(Method.java:580)\r\n\tat org.testng.internal.invokers.MethodInvocationHelper.invokeMethod(MethodInvocationHelper.java:141)\r\n\tat org.testng.internal.invokers.TestInvoker.invokeMethod(TestInvoker.java:686)\r\n\tat org.testng.internal.invokers.TestInvoker.invokeTestMethod(TestInvoker.java:230)\r\n\tat org.testng.internal.invokers.MethodRunner.runInSequence(MethodRunner.java:63)\r\n\tat org.testng.internal.invokers.TestInvoker$MethodInvocationAgent.invoke(TestInvoker.java:992)\r\n\tat org.testng.internal.invokers.TestInvoker.invokeTestMethods(TestInvoker.java:203)\r\n\tat org.testng.internal.invokers.TestMethodWorker.invokeTestMethods(TestMethodWorker.java:154)\r\n\tat org.testng.internal.invokers.TestMethodWorker.run(TestMethodWorker.java:134)\r\n\tat java.base/java.util.ArrayList.forEach(ArrayList.java:1597)\r\n\tat org.testng.TestRunner.privateRun(TestRunner.java:739)\r\n\tat org.testng.TestRunner.run(TestRunner.java:614)\r\n\tat org.testng.SuiteRunner.runTest(SuiteRunner.java:421)\r\n\tat org.testng.SuiteRunner.runSequentially(SuiteRunner.java:413)\r\n\tat org.testng.SuiteRunner.privateRun(SuiteRunner.java:373)\r\n\tat org.testng.SuiteRunner.run(SuiteRunner.java:312)\r\n\tat org.testng.SuiteRunnerWorker.runSuite(SuiteRunnerWorker.java:52)\r\n\tat org.testng.SuiteRunnerWorker.run(SuiteRunnerWorker.java:95)\r\n\tat org.testng.TestNG.runSuitesSequentially(TestNG.java:1274)\r\n\tat org.testng.TestNG.runSuitesLocally(TestNG.java:1208)\r\n\tat org.testng.TestNG.runSuites(TestNG.java:1112)\r\n\tat org.testng.TestNG.run(TestNG.java:1079)\r\n\tat org.testng.remote.AbstractRemoteTestNG.run(AbstractRemoteTestNG.java:115)\r\n\tat org.testng.remote.RemoteTestNG.initAndRun(RemoteTestNG.java:293)\r\n\tat org.testng.remote.RemoteTestNG.main(RemoteTestNG.java:91)\r\nCaused by: org.openqa.selenium.TimeoutException: Expected condition failed: waiting for com.shaft.gui.element.internal.Actions$$Lambda/0x000001e74e81a910@50389782 (tried for 60 second(s) with 100 milliseconds interval)\r\n\tat org.openqa.selenium.support.ui.FluentWait.timeoutException(FluentWait.java:265)\r\n\tat org.openqa.selenium.support.ui.FluentWait.until(FluentWait.java:228)\r\n\tat com.shaft.gui.element.internal.Actions.performAction(Actions.java:95)\r\n\t... 29 more\r\nCaused by: org.openqa.selenium.NoSuchElementException: Cannot locate an element using By.id: OrgNameInput\nFor documentation on this error, please visit: https://www.selenium.dev/documentation/webdriver/troubleshooting/errors#no-such-element-exception\nBuild info: version: '4.25.0', revision: '8a8aea2337'\nSystem info: os.name: 'Windows 11', os.arch: 'amd64', os.version: '10.0', java.version: '23'\nDriver info: driver.version: unknown\r\n\tat com.shaft.gui.element.internal.Actions.lambda$performAction$0(Actions.java:101)\r\n\tat org.openqa.selenium.support.ui.FluentWait.until(FluentWait.java:203)\r\n\t... 30 more\r\n"},"stage":"finished","steps":[],"attachments":[{"name":"20241216_103159_Type_By_id__OrgNameInput","source":"4c5894d4-933b-4406-a692-cd3ef3f6dc8d-attachment.png","type":"image/png"}],"parameters":[{"name":"locator","value":"By.id: OrgNameInput"},{"name":"text","value":"admin"}],"start":1734337859125,"stop":1734337919659}],"attachments":[{"name":"Animated Gif - 1734337919660","source":"5f4b11f8-ee45-419f-9bd1-a56eb4b0460f-attachment.gif","type":"image/gif"},{"name":"SHAFT Engine Logs - Current Method log: EditUser","source":"5d791b09-f349-45de-8fc2-642d9195c0f9-attachment.txt","type":"text/plain"}],"parameters":[{"name":"arg0","value":"{FullNameUpdated=, Email=, Description=, Phone=, FullName=}"}],"start":1734337859123,"stop":1734337919665}